<?xml version="1.0" encoding="UTF-8"?>
<!-- Generated by org.testng.reporters.JUnitReportReporter -->
<testsuite hostname="DESKTOP-6ITAQL4" failures="0" tests="4" name="test5.Mutipletestng" time="1.133" errors="0" timestamp="2024-07-07T08:56:26 IST" skipped="0">
  <testcase classname="test5.Mutipletestng" name="testSingleCheckbox" time="0.228"/>
  <system-out/>
  <testcase classname="test5.Mutipletestng" name="testMultipleCheckboxes" time="0.455"/>
  <system-out/>
  <testcase classname="test5.Mutipletestng" name="testSingleRadioButton" time="0.224"/>
  <system-out/>
  <testcase classname="test5.Mutipletestng" name="testMultipleRadioButtons" time="0.226"/>
  <system-out/>
</testsuite> <!-- test5.Mutipletestng -->
